#
# There is insufficient memory for the Java Runtime Environment to continue.
# Native memory allocation (malloc) failed to allocate 1272976 bytes. Error detail: Chunk::new
# Possible reasons:
#   The system is out of physical RAM or swap space
#   This process is running with CompressedOops enabled, and the Java Heap may be blocking the growth of the native heap
# Possible solutions:
#   Reduce memory load on the system
#   Increase physical memory or swap space
#   Check if swap backing store is full
#   Decrease Java heap size (-Xmx/-Xms)
#   Decrease number of Java threads
#   Decrease Java thread stack sizes (-Xss)
#   Set larger code cache with -XX:ReservedCodeCacheSize=
#   JVM is running with Zero Based Compressed Oops mode in which the Java heap is
#     placed in the first 32GB address space. The Java Heap base address is the
#     maximum limit for the native heap growth. Please use -XX:HeapBaseMinAddress
#     to set the Java Heap base and to place the Java Heap above 32GB virtual address.
# This output file may be truncated or incomplete.
#
#  Out of Memory Error (arena.cpp:191), pid=8780, tid=27528
#
# JRE version: OpenJDK Runtime Environment Temurin-17.0.18+8 (17.0.18+8) (build 17.0.18+8)
# Java VM: OpenJDK 64-Bit Server VM Temurin-17.0.18+8 (17.0.18+8, mixed mode, sharing, tiered, compressed oops, compressed class ptrs, g1 gc, windows-amd64)
# No core dump will be written. Minidumps are not enabled by default on client versions of Windows
#

---------------  S U M M A R Y ------------

Command Line: --enable-native-access=ALL-UNNAMED -Dclassworlds.conf=C:\Program Files\JetBrains\IntelliJ IDEA 2026.1\plugins\maven\lib\maven3\bin\m2.conf -Dmaven.home=C:\Program Files\JetBrains\IntelliJ IDEA 2026.1\plugins\maven\lib\maven3 -Dlibrary.jansi.path=C:\Program Files\JetBrains\IntelliJ IDEA 2026.1\plugins\maven\lib\maven3\lib\jansi-native -Dmaven.multiModuleProjectDirectory=C:\Users\jebal\Desktop\pidev\Skillora org.codehaus.plexus.classworlds.launcher.Launcher -q -DskipTests compile

Host: 12th Gen Intel(R) Core(TM) i5-12450H, 12 cores, 15G,  Windows 10 , 64 bit Build 19041 (10.0.19041.5915)
Time: Sat Apr 11 17:01:49 2026 Afr. centrale Ouest elapsed time: 0.225436 seconds (0d 0h 0m 0s)

---------------  T H R E A D  ---------------

Current thread (0x00000202db007e00):  JavaThread "C2 CompilerThread0" daemon [_thread_in_native, id=27528, stack(0x0000004acf900000,0x0000004acfa00000)]


Current CompileTask:
C2:225  581       4       java.util.jar.JarFile::getEntry (35 bytes)

Stack: [0x0000004acf900000,0x0000004acfa00000]
Native frames: (J=compiled Java code, j=interpreted, Vv=VM code, C=native code)
V  [jvm.dll+0x6846f9]
V  [jvm.dll+0x839ea5]
V  [jvm.dll+0x83b91e]
V  [jvm.dll+0x83bfa3]
V  [jvm.dll+0x248eff]
V  [jvm.dll+0xad496]
V  [jvm.dll+0xadb3c]
V  [jvm.dll+0x368bcf]
V  [jvm.dll+0x333055]
V  [jvm.dll+0x3324ba]
V  [jvm.dll+0x219db9]
V  [jvm.dll+0x219200]
V  [jvm.dll+0x1a4920]
V  [jvm.dll+0x22989a]
V  [jvm.dll+0x227a4b]
V  [jvm.dll+0x7f0658]
V  [jvm.dll+0x7eaaec]
V  [jvm.dll+0x6835c7]
C  [ucrtbase.dll+0x21bb2]
C  [KERNEL32.DLL+0x17374]
C  [ntdll.dll+0x4cc91]


---------------  P R O C E S S  ---------------

Threads class SMR info:
_java_thread_list=0x00000202db4b28b0, length=13, elements={
0x00000202f069e580, 0x0000020295c0e210, 0x0000020295c0f090, 0x00000202db0011b0,
0x00000202db001d70, 0x00000202db004740, 0x00000202db005100, 0x00000202db007e00,
0x00000202db0088b0, 0x00000202db00b2c0, 0x00000202db140120, 0x00000202db142cc0,
0x00000202db471690
}

Java Threads: ( => current thread )
  0x00000202f069e580 JavaThread "main" [_thread_in_native, id=26736, stack(0x0000004acec00000,0x0000004aced00000)]
  0x0000020295c0e210 JavaThread "Reference Handler" daemon [_thread_blocked, id=4832, stack(0x0000004acf300000,0x0000004acf400000)]
  0x0000020295c0f090 JavaThread "Finalizer" daemon [_thread_blocked, id=2616, stack(0x0000004acf400000,0x0000004acf500000)]
  0x00000202db0011b0 JavaThread "Signal Dispatcher" daemon [_thread_blocked, id=25588, stack(0x0000004acf500000,0x0000004acf600000)]
  0x00000202db001d70 JavaThread "Attach Listener" daemon [_thread_blocked, id=25800, stack(0x0000004acf600000,0x0000004acf700000)]
  0x00000202db004740 JavaThread "Service Thread" daemon [_thread_blocked, id=22716, stack(0x0000004acf700000,0x0000004acf800000)]
  0x00000202db005100 JavaThread "Monitor Deflation Thread" daemon [_thread_blocked, id=25440, stack(0x0000004acf800000,0x0000004acf900000)]
=>0x00000202db007e00 JavaThread "C2 CompilerThread0" daemon [_thread_in_native, id=27528, stack(0x0000004acf900000,0x0000004acfa00000)]
  0x00000202db0088b0 JavaThread "C1 CompilerThread0" daemon [_thread_in_vm, id=14640, stack(0x0000004acfa00000,0x0000004acfb00000)]
  0x00000202db00b2c0 JavaThread "Sweeper thread" daemon [_thread_blocked, id=8788, stack(0x0000004acfb00000,0x0000004acfc00000)]
  0x00000202db140120 JavaThread "Notification Thread" daemon [_thread_blocked, id=6192, stack(0x0000004acfc00000,0x0000004acfd00000)]
  0x00000202db142cc0 JavaThread "Common-Cleaner" daemon [_thread_blocked, id=27292, stack(0x0000004acfe00000,0x0000004acff00000)]
  0x00000202db471690 JavaThread "C2 CompilerThread1" daemon [_thread_in_native, id=13264, stack(0x0000004acff00000,0x0000004ad0000000)]

Other Threads:
  0x0000020295c0ab80 VMThread "VM Thread" [stack: 0x0000004acf200000,0x0000004acf300000] [id=19496]
  0x00000202db142610 WatcherThread [stack: 0x0000004acfd00000,0x0000004acfe00000] [id=26716]
  0x00000202f28ec600 GCTaskThread "GC Thread#0" [stack: 0x0000004aced00000,0x0000004acee00000] [id=28556]
  0x00000202f28fe0b0 ConcurrentGCThread "G1 Main Marker" [stack: 0x0000004acee00000,0x0000004acef00000] [id=7084]
  0x00000202f28ff270 ConcurrentGCThread "G1 Conc#0" [stack: 0x0000004acef00000,0x0000004acf000000] [id=17972]
  0x00000202f293e410 ConcurrentGCThread "G1 Refine#0" [stack: 0x0000004acf000000,0x0000004acf100000] [id=26712]
  0x0000020295ac2170 ConcurrentGCThread "G1 Service" [stack: 0x0000004acf100000,0x0000004acf200000] [id=21588]

Threads with active compile tasks:
C2 CompilerThread0  237  581       4       java.util.jar.JarFile::getEntry (35 bytes)
C1 CompilerThread0  237  771       3       java.util.WeakHashMap::put (160 bytes)
C2 CompilerThread1  237  764       4       jdk.internal.jimage.ImageStringsReader::unmaskedHashCode (166 bytes)

VM state: not at safepoint (normal execution)

VM Mutex/Monitor currently owned by a thread: None

Heap address: 0x0000000704a00000, size: 4022 MB, Compressed Oops mode: Zero based, Oop shift amount: 3

CDS archive(s) mapped at: [0x0000020296000000-0x0000020296bb0000-0x0000020296bb0000), size 12255232, SharedBaseAddress: 0x0000020296000000, ArchiveRelocationMode: 1.
Compressed class space mapped at: 0x0000020297000000-0x00000202d7000000, reserved size: 1073741824
Narrow klass base: 0x0000020296000000, Narrow klass shift: 0, Narrow klass range: 0x100000000

GC Precious Log:
 CPUs: 12 total, 12 available
 Memory: 16085M
 Large Page Support: Disabled
 NUMA Support: Disabled
 Compressed Oops: Enabled (Zero based)
 Heap Region Size: 2M
 Heap Min Capacity: 8M
 Heap Initial Capacity: 252M
 Heap Max Capacity: 4022M
 Pre-touch: Disabled
 Parallel Workers: 10
 Concurrent Workers: 3
 Concurrent Refinement Workers: 10
 Periodic GC: Disabled

Heap:
 garbage-first heap   total 258048K, used 12288K [0x0000000704a00000, 0x0000000800000000)
  region size 2048K, 7 young (14336K), 0 survivors (0K)
 Metaspace       used 3077K, committed 3200K, reserved 1114112K
  class space    used 322K, committed 384K, reserved 1048576K

Heap Regions: E=young(eden), S=young(survivor), O=old, HS=humongous(starts), HC=humongous(continues), CS=collection set, F=free, OA=open archive, CA=closed archive, TAMS=top-at-mark-start (previous, next)
|   0|0x0000000704a00000, 0x0000000704a00000, 0x0000000704c00000|  0%| F|  |TAMS 0x0000000704a00000, 0x0000000704a00000| Untracked 
|   1|0x0000000704c00000, 0x0000000704c00000, 0x0000000704e00000|  0%| F|  |TAMS 0x0000000704c00000, 0x0000000704c00000| Untracked 
|   2|0x0000000704e00000, 0x0000000704e00000, 0x0000000705000000|  0%| F|  |TAMS 0x0000000704e00000, 0x0000000704e00000| Untracked 
|   3|0x0000000705000000, 0x0000000705000000, 0x0000000705200000|  0%| F|  |TAMS 0x0000000705000000, 0x0000000705000000| Untracked 
|   4|0x0000000705200000, 0x0000000705200000, 0x0000000705400000|  0%| F|  |TAMS 0x0000000705200000, 0x0000000705200000| Untracked 
|   5|0x0000000705400000, 0x0000000705400000, 0x0000000705600000|  0%| F|  |TAMS 0x0000000705400000, 0x0000000705400000| Untracked 
|   6|0x0000000705600000, 0x0000000705600000, 0x0000000705800000|  0%| F|  |TAMS 0x0000000705600000, 0x0000000705600000| Untracked 
|   7|0x0000000705800000, 0x0000000705800000, 0x0000000705a00000|  0%| F|  |TAMS 0x0000000705800000, 0x0000000705800000| Untracked 
|   8|0x0000000705a00000, 0x0000000705a00000, 0x0000000705c00000|  0%| F|  |TAMS 0x0000000705a00000, 0x0000000705a00000| Untracked 
|   9|0x0000000705c00000, 0x0000000705c00000, 0x0000000705e00000|  0%| F|  |TAMS 0x0000000705c00000, 0x0000000705c00000| Untracked 
|  10|0x0000000705e00000, 0x0000000705e00000, 0x0000000706000000|  0%| F|  |TAMS 0x0000000705e00000, 0x0000000705e00000| Untracked 
|  11|0x0000000706000000, 0x0000000706000000, 0x0000000706200000|  0%| F|  |TAMS 0x0000000706000000, 0x0000000706000000| Untracked 
|  12|0x0000000706200000, 0x0000000706200000, 0x0000000706400000|  0%| F|  |TAMS 0x0000000706200000, 0x0000000706200000| Untracked 
|  13|0x0000000706400000, 0x0000000706400000, 0x0000000706600000|  0%| F|  |TAMS 0x0000000706400000, 0x0000000706400000| Untracked 
|  14|0x0000000706600000, 0x0000000706600000, 0x0000000706800000|  0%| F|  |TAMS 0x0000000706600000, 0x0000000706600000| Untracked 
|  15|0x0000000706800000, 0x0000000706800000, 0x0000000706a00000|  0%| F|  |TAMS 0x0000000706800000, 0x0000000706800000| Untracked 
|  16|0x0000000706a00000, 0x0000000706a00000, 0x0000000706c00000|  0%| F|  |TAMS 0x0000000706a00000, 0x0000000706a00000| Untracked 
|  17|0x0000000706c00000, 0x0000000706c00000, 0x0000000706e00000|  0%| F|  |TAMS 0x0000000706c00000, 0x0000000706c00000| Untracked 
|  18|0x0000000706e00000, 0x0000000706e00000, 0x0000000707000000|  0%| F|  |TAMS 0x0000000706e00000, 0x0000000706e00000| Untracked 
|  19|0x0000000707000000, 0x0000000707000000, 0x0000000707200000|  0%| F|  |TAMS 0x0000000707000000, 0x0000000707000000| Untracked 
|  20|0x0000000707200000, 0x0000000707200000, 0x0000000707400000|  0%| F|  |TAMS 0x0000000707200000, 0x0000000707200000| Untracked 
|  21|0x0000000707400000, 0x0000000707400000, 0x0000000707600000|  0%| F|  |TAMS 0x0000000707400000, 0x0000000707400000| Untracked 
|  22|0x0000000707600000, 0x0000000707600000, 0x0000000707800000|  0%| F|  |TAMS 0x0000000707600000, 0x0000000707600000| Untracked 
|  23|0x0000000707800000, 0x0000000707800000, 0x0000000707a00000|  0%| F|  |TAMS 0x0000000707800000, 0x0000000707800000| Untracked 
|  24|0x0000000707a00000, 0x0000000707a00000, 0x0000000707c00000|  0%| F|  |TAMS 0x0000000707a00000, 0x0000000707a00000| Untracked 
|  25|0x0000000707c00000, 0x0000000707c00000, 0x0000000707e00000|  0%| F|  |TAMS 0x0000000707c00000, 0x0000000707c00000| Untracked 
|  26|0x0000000707e00000, 0x0000000707e00000, 0x0000000708000000|  0%| F|  |TAMS 0x0000000707e00000, 0x0000000707e00000| Untracked 
|  27|0x0000000708000000, 0x0000000708000000, 0x0000000708200000|  0%| F|  |TAMS 0x0000000708000000, 0x0000000708000000| Untracked 
|  28|0x0000000708200000, 0x0000000708200000, 0x0000000708400000|  0%| F|  |TAMS 0x0000000708200000, 0x0000000708200000| Untracked 
|  29|0x0000000708400000, 0x0000000708400000, 0x0000000708600000|  0%| F|  |TAMS 0x0000000708400000, 0x0000000708400000| Untracked 
|  30|0x0000000708600000, 0x0000000708600000, 0x0000000708800000|  0%| F|  |TAMS 0x0000000708600000, 0x0000000708600000| Untracked 
|  31|0x0000000708800000, 0x0000000708800000, 0x0000000708a00000|  0%| F|  |TAMS 0x0000000708800000, 0x0000000708800000| Untracked 
|  32|0x0000000708a00000, 0x0000000708a00000, 0x0000000708c00000|  0%| F|  |TAMS 0x0000000708a00000, 0x0000000708a00000| Untracked 
|  33|0x0000000708c00000, 0x0000000708c00000, 0x0000000708e00000|  0%| F|  |TAMS 0x0000000708c00000, 0x0000000708c00000| Untracked 
|  34|0x0000000708e00000, 0x0000000708e00000, 0x0000000709000000|  0%| F|  |TAMS 0x0000000708e00000, 0x0000000708e00000| Untracked 
|  35|0x0000000709000000, 0x0000000709000000, 0x0000000709200000|  0%| F|  |TAMS 0x0000000709000000, 0x0000000709000000| Untracked 
|  36|0x0000000709200000, 0x0000000709200000, 0x0000000709400000|  0%| F|  |TAMS 0x0000000709200000, 0x0000000709200000| Untracked 
|  37|0x0000000709400000, 0x0000000709400000, 0x0000000709600000|  0%| F|  |TAMS 0x0000000709400000, 0x0000000709400000| Untracked 
|  38|0x0000000709600000, 0x0000000709600000, 0x0000000709800000|  0%| F|  |TAMS 0x0000000709600000, 0x0000000709600000| Untracked 
|  39|0x0000000709800000, 0x0000000709800000, 0x0000000709a00000|  0%| F|  |TAMS 0x0000000709800000, 0x0000000709800000| Untracked 
|  40|0x0000000709a00000, 0x0000000709a00000, 0x0000000709c00000|  0%| F|  |TAMS 0x0000000709a00000, 0x0000000709a00000| Untracked 
|  41|0x0000000709c00000, 0x0000000709c00000, 0x0000000709e00000|  0%| F|  |TAMS 0x0000000709c00000, 0x0000000709c00000| Untracked 
|  42|0x0000000709e00000, 0x0000000709e00000, 0x000000070a000000|  0%| F|  |TAMS 0x0000000709e00000, 0x0000000709e00000| Untracked 
|  43|0x000000070a000000, 0x000000070a000000, 0x000000070a200000|  0%| F|  |TAMS 0x000000070a000000, 0x000000070a000000| Untracked 
|  44|0x000000070a200000, 0x000000070a200000, 0x000000070a400000|  0%| F|  |TAMS 0x000000070a200000, 0x000000070a200000| Untracked 
|  45|0x000000070a400000, 0x000000070a400000, 0x000000070a600000|  0%| F|  |TAMS 0x000000070a400000, 0x000000070a400000| Untracked 
|  46|0x000000070a600000, 0x000000070a600000, 0x000000070a800000|  0%| F|  |TAMS 0x000000070a600000, 0x000000070a600000| Untracked 
|  47|0x000000070a800000, 0x000000070a800000, 0x000000070aa00000|  0%| F|  |TAMS 0x000000070a800000, 0x000000070a800000| Untracked 
|  48|0x000000070aa00000, 0x000000070aa00000, 0x000000070ac00000|  0%| F|  |TAMS 0x000000070aa00000, 0x000000070aa00000| Untracked 
|  49|0x000000070ac00000, 0x000000070ac00000, 0x000000070ae00000|  0%| F|  |TAMS 0x000000070ac00000, 0x000000070ac00000| Untracked 
|  50|0x000000070ae00000, 0x000000070ae00000, 0x000000070b000000|  0%| F|  |TAMS 0x000000070ae00000, 0x000000070ae00000| Untracked 
|  51|0x000000070b000000, 0x000000070b000000, 0x000000070b200000|  0%| F|  |TAMS 0x000000070b000000, 0x000000070b000000| Untracked 
|  52|0x000000070b200000, 0x000000070b200000, 0x000000070b400000|  0%| F|  |TAMS 0x000000070b200000, 0x000000070b200000| Untracked 
|  53|0x000000070b400000, 0x000000070b400000, 0x000000070b600000|  0%| F|  |TAMS 0x000000070b400000, 0x000000070b400000| Untracked 
|  54|0x000000070b600000, 0x000000070b600000, 0x000000070b800000|  0%| F|  |TAMS 0x000000070b600000, 0x000000070b600000| Untracked 
|  55|0x000000070b800000, 0x000000070b800000, 0x000000070ba00000|  0%| F|  |TAMS 0x000000070b800000, 0x000000070b800000| Untracked 
|  56|0x000000070ba00000, 0x000000070ba00000, 0x000000070bc00000|  0%| F|  |TAMS 0x000000070ba00000, 0x000000070ba00000| Untracked 
|  57|0x000000070bc00000, 0x000000070bc00000, 0x000000070be00000|  0%| F|  |TAMS 0x000000070bc00000, 0x000000070bc00000| Untracked 
|  58|0x000000070be00000, 0x000000070be00000, 0x000000070c000000|  0%| F|  |TAMS 0x000000070be00000, 0x000000070be00000| Untracked 
|  59|0x000000070c000000, 0x000000070c000000, 0x000000070c200000|  0%| F|  |TAMS 0x000000070c000000, 0x000000070c000000| Untracked 
|  60|0x000000070c200000, 0x000000070c200000, 0x000000070c400000|  0%| F|  |TAMS 0x000000070c200000, 0x000000070c200000| Untracked 
|  61|0x000000070c400000, 0x000000070c400000, 0x000000070c600000|  0%| F|  |TAMS 0x000000070c400000, 0x000000070c400000| Untracked 
|  62|0x000000070c600000, 0x000000070c600000, 0x000000070c800000|  0%| F|  |TAMS 0x000000070c600000, 0x000000070c600000| Untracked 
|  63|0x000000070c800000, 0x000000070c800000, 0x000000070ca00000|  0%| F|  |TAMS 0x000000070c800000, 0x000000070c800000| Untracked 
|  64|0x000000070ca00000, 0x000000070ca00000, 0x000000070cc00000|  0%| F|  |TAMS 0x000000070ca00000, 0x000000070ca00000| Untracked 
|  65|0x000000070cc00000, 0x000000070cc00000, 0x000000070ce00000|  0%| F|  |TAMS 0x000000070cc00000, 0x000000070cc00000| Untracked 
|  66|0x000000070ce00000, 0x000000070ce00000, 0x000000070d000000|  0%| F|  |TAMS 0x000000070ce00000, 0x000000070ce00000| Untracked 
|  67|0x000000070d000000, 0x000000070d000000, 0x000000070d200000|  0%| F|  |TAMS 0x000000070d000000, 0x000000070d000000| Untracked 
|  68|0x000000070d200000, 0x000000070d200000, 0x000000070d400000|  0%| F|  |TAMS 0x000000070d200000, 0x000000070d200000| Untracked 
|  69|0x000000070d400000, 0x000000070d400000, 0x000000070d600000|  0%| F|  |TAMS 0x000000070d400000, 0x000000070d400000| Untracked 
|  70|0x000000070d600000, 0x000000070d600000, 0x000000070d800000|  0%| F|  |TAMS 0x000000070d600000, 0x000000070d600000| Untracked 
|  71|0x000000070d800000, 0x000000070d800000, 0x000000070da00000|  0%| F|  |TAMS 0x000000070d800000, 0x000000070d800000| Untracked 
|  72|0x000000070da00000, 0x000000070da00000, 0x000000070dc00000|  0%| F|  |TAMS 0x000000070da00000, 0x000000070da00000| Untracked 
|  73|0x000000070dc00000, 0x000000070dc00000, 0x000000070de00000|  0%| F|  |TAMS 0x000000070dc00000, 0x000000070dc00000| Untracked 
|  74|0x000000070de00000, 0x000000070de00000, 0x000000070e000000|  0%| F|  |TAMS 0x000000070de00000, 0x000000070de00000| Untracked 
|  75|0x000000070e000000, 0x000000070e000000, 0x000000070e200000|  0%| F|  |TAMS 0x000000070e000000, 0x000000070e000000| Untracked 
|  76|0x000000070e200000, 0x000000070e200000, 0x000000070e400000|  0%| F|  |TAMS 0x000000070e200000, 0x000000070e200000| Untracked 
|  77|0x000000070e400000, 0x000000070e400000, 0x000000070e600000|  0%| F|  |TAMS 0x000000070e400000, 0x000000070e400000| Untracked 
|  78|0x000000070e600000, 0x000000070e600000, 0x000000070e800000|  0%| F|  |TAMS 0x000000070e600000, 0x000000070e600000| Untracked 
|  79|0x000000070e800000, 0x000000070e800000, 0x000000070ea00000|  0%| F|  |TAMS 0x000000070e800000, 0x000000070e800000| Untracked 
|  80|0x000000070ea00000, 0x000000070ea00000, 0x000000070ec00000|  0%| F|  |TAMS 0x000000070ea00000, 0x000000070ea00000| Untracked 
|  81|0x000000070ec00000, 0x000000070ec00000, 0x000000070ee00000|  0%| F|  |TAMS 0x000000070ec00000, 0x000000070ec00000| Untracked 
|  82|0x000000070ee00000, 0x000000070ee00000, 0x000000070f000000|  0%| F|  |TAMS 0x000000070ee00000, 0x000000070ee00000| Untracked 
|  83|0x000000070f000000, 0x000000070f000000, 0x000000070f200000|  0%| F|  |TAMS 0x000000070f000000, 0x000000070f000000| Untracked 
|  84|0x000000070f200000, 0x000000070f200000, 0x000000070f400000|  0%| F|  |TAMS 0x000000070f200000, 0x000000070f200000| Untracked 
|  85|0x000000070f400000, 0x000000070f400000, 0x000000070f600000|  0%| F|  |TAMS 0x000000070f400000, 0x000000070f400000| Untracked 
|  86|0x000000070f600000, 0x000000070f600000, 0x000000070f800000|  0%| F|  |TAMS 0x000000070f600000, 0x000000070f600000| Untracked 
|  87|0x000000070f800000, 0x000000070f800000, 0x000000070fa00000|  0%| F|  |TAMS 0x000000070f800000, 0x000000070f800000| Untracked 
|  88|0x000000070fa00000, 0x000000070fa00000, 0x000000070fc00000|  0%| F|  |TAMS 0x000000070fa00000, 0x000000070fa00000| Untracked 
|  89|0x000000070fc00000, 0x000000070fc00000, 0x000000070fe00000|  0%| F|  |TAMS 0x000000070fc00000, 0x000000070fc00000| Untracked 
|  90|0x000000070fe00000, 0x000000070fe00000, 0x0000000710000000|  0%| F|  |TAMS 0x000000070fe00000, 0x000000070fe00000| Untracked 
|  91|0x0000000710000000, 0x0000000710000000, 0x0000000710200000|  0%| F|  |TAMS 0x0000000710000000, 0x0000000710000000| Untracked 
|  92|0x0000000710200000, 0x0000000710200000, 0x0000000710400000|  0%| F|  |TAMS 0x0000000710200000, 0x0000000710200000| Untracked 
|  93|0x0000000710400000, 0x0000000710400000, 0x0000000710600000|  0%| F|  |TAMS 0x0000000710400000, 0x0000000710400000| Untracked 
|  94|0x0000000710600000, 0x0000000710600000, 0x0000000710800000|  0%| F|  |TAMS 0x0000000710600000, 0x0000000710600000| Untracked 
|  95|0x0000000710800000, 0x0000000710800000, 0x0000000710a00000|  0%| F|  |TAMS 0x0000000710800000, 0x0000000710800000| Untracked 
|  96|0x0000000710a00000, 0x0000000710a00000, 0x0000000710c00000|  0%| F|  |TAMS 0x0000000710a00000, 0x0000000710a00000| Untracked 
|  97|0x0000000710c00000, 0x0000000710c00000, 0x0000000710e00000|  0%| F|  |TAMS 0x0000000710c00000, 0x0000000710c00000| Untracked 
|  98|0x0000000710e00000, 0x0000000710e00000, 0x0000000711000000|  0%| F|  |TAMS 0x0000000710e00000, 0x0000000710e00000| Untracked 
|  99|0x0000000711000000, 0x0000000711000000, 0x0000000711200000|  0%| F|  |TAMS 0x0000000711000000, 0x0000000711000000| Untracked 
| 100|0x0000000711200000, 0x0000000711200000, 0x0000000711400000|  0%| F|  |TAMS 0x0000000711200000, 0x0000000711200000| Untracked 
| 101|0x0000000711400000, 0x0000000711400000, 0x0000000711600000|  0%| F|  |TAMS 0x0000000711400000, 0x0000000711400000| Untracked 
| 102|0x0000000711600000, 0x0000000711600000, 0x0000000711800000|  0%| F|  |TAMS 0x0000000711600000, 0x0000000711600000| Untracked 
| 103|0x0000000711800000, 0x0000000711800000, 0x0000000711a00000|  0%| F|  |TAMS 0x0000000711800000, 0x0000000711800000| Untracked 
| 104|0x0000000711a00000, 0x0000000711a00000, 0x0000000711c00000|  0%| F|  |TAMS 0x0000000711a00000, 0x0000000711a00000| Untracked 
| 105|0x0000000711c00000, 0x0000000711c00000, 0x0000000711e00000|  0%| F|  |TAMS 0x0000000711c00000, 0x0000000711c00000| Untracked 
| 106|0x0000000711e00000, 0x0000000711e00000, 0x0000000712000000|  0%| F|  |TAMS 0x0000000711e00000, 0x0000000711e00000| Untracked 
| 107|0x0000000712000000, 0x0000000712000000, 0x0000000712200000|  0%| F|  |TAMS 0x0000000712000000, 0x0000000712000000| Untracked 
| 108|0x0000000712200000, 0x0000000712200000, 0x0000000712400000|  0%| F|  |TAMS 0x0000000712200000, 0x0000000712200000| Untracked 
| 109|0x0000000712400000, 0x0000000712400000, 0x0000000712600000|  0%| F|  |TAMS 0x0000000712400000, 0x0000000712400000| Untracked 
| 110|0x0000000712600000, 0x0000000712600000, 0x0000000712800000|  0%| F|  |TAMS 0x0000000712600000, 0x0000000712600000| Untracked 
| 111|0x0000000712800000, 0x0000000712800000, 0x0000000712a00000|  0%| F|  |TAMS 0x0000000712800000, 0x0000000712800000| Untracked 
| 112|0x0000000712a00000, 0x0000000712a00000, 0x0000000712c00000|  0%| F|  |TAMS 0x0000000712a00000, 0x0000000712a00000| Untracked 
| 113|0x0000000712c00000, 0x0000000712c00000, 0x0000000712e00000|  0%| F|  |TAMS 0x0000000712c00000, 0x0000000712c00000| Untracked 
| 114|0x0000000712e00000, 0x0000000712e00000, 0x0000000713000000|  0%| F|  |TAMS 0x0000000712e00000, 0x0000000712e00000| Untracked 
| 115|0x0000000713000000, 0x0000000713000000, 0x0000000713200000|  0%| F|  |TAMS 0x0000000713000000, 0x0000000713000000| Untracked 
| 116|0x0000000713200000, 0x0000000713200000, 0x0000000713400000|  0%| F|  |TAMS 0x0000000713200000, 0x0000000713200000| Untracked 
| 117|0x0000000713400000, 0x0000000713400000, 0x0000000713600000|  0%| F|  |TAMS 0x0000000713400000, 0x0000000713400000| Untracked 
| 118|0x0000000713600000, 0x0000000713600000, 0x0000000713800000|  0%| F|  |TAMS 0x0000000713600000, 0x0000000713600000| Untracked 
| 119|0x0000000713800000, 0x0000000713870a90, 0x0000000713a00000| 22%| E|  |TAMS 0x0000000713800000, 0x0000000713800000| Complete 
| 120|0x0000000713a00000, 0x0000000713c00000, 0x0000000713c00000|100%| E|CS|TAMS 0x0000000713a00000, 0x0000000713a00000| Complete 
| 121|0x0000000713c00000, 0x0000000713e00000, 0x0000000713e00000|100%| E|CS|TAMS 0x0000000713c00000, 0x0000000713c00000| Complete 
| 122|0x0000000713e00000, 0x0000000714000000, 0x0000000714000000|100%| E|CS|TAMS 0x0000000713e00000, 0x0000000713e00000| Complete 
| 123|0x0000000714000000, 0x0000000714200000, 0x0000000714200000|100%| E|CS|TAMS 0x0000000714000000, 0x0000000714000000| Complete 
| 124|0x0000000714200000, 0x0000000714400000, 0x0000000714400000|100%| E|CS|TAMS 0x0000000714200000, 0x0000000714200000| Complete 
| 125|0x0000000714400000, 0x0000000714600000, 0x0000000714600000|100%| E|CS|TAMS 0x0000000714400000, 0x0000000714400000| Complete 

Card table byte_map: [0x00000202fb130000,0x00000202fb910000] _byte_map_base: 0x00000202f790b000

Marking Bits (Prev, Next): (CMBitMap*) 0x00000202f28ecc20, (CMBitMap*) 0x00000202f28ecc60
 Prev Bits: [0x00000202fc0f0000, 0x00000202fffc8000)
 Next Bits: [0x000002028f000000, 0x0000020292ed8000)

Polling page: 0x00000202f2040000

Metaspace:

Usage:
  Non-class:      2.71 MB used.
      Class:    325.77 KB used.
       Both:      3.02 MB used.

Virtual space:
  Non-class space:       64.00 MB reserved,       2.81 MB (  4%) committed,  1 nodes.
      Class space:        1.00 GB reserved,     384.00 KB ( <1%) committed,  1 nodes.
             Both:        1.06 GB reserved,       3.19 MB ( <1%) committed. 

Chunk freelists:
   Non-Class:  10.61 MB
       Class:  15.54 MB
        Both:  26.15 MB

MaxMetaspaceSize: unlimited
CompressedClassSpaceSize: 1.00 GB
Initial GC threshold: 21.00 MB
Current GC threshold: 21.00 MB
CDS: on
MetaspaceReclaimPolicy: balanced
 - commit_granule_bytes: 65536.
 - commit_granule_words: 8192.
 - virtual_space_node_default_size: 8388608.
 - enlarge_chunks_in_place: 1.
 - new_chunks_are_fully_committed: 0.
 - uncommit_free_chunks: 1.
 - use_allocation_guard: 0.
 - handle_deallocations: 1.


Internal statistics:

num_allocs_failed_limit: 0.
num_arena_births: 34.
num_arena_deaths: 0.
num_vsnodes_births: 2.
num_vsnodes_deaths: 0.
num_space_committed: 51.
num_space_uncommitted: 0.
num_chunks_returned_to_freelist: 0.
num_chunks_taken_from_freelist: 121.
num_chunk_merges: 0.
num_chunk_splits: 73.
num_chunks_enlarged: 56.
num_inconsistent_stats: 0.

CodeHeap 'non-profiled nmethods': size=120000Kb used=254Kb max_used=254Kb free=119746Kb
 bounds [0x0000020287ad0000, 0x0000020287d40000, 0x000002028f000000]
CodeHeap 'profiled nmethods': size=120000Kb used=1449Kb max_used=1449Kb free=118550Kb
 bounds [0x0000020280000000, 0x0000020280270000, 0x0000020287530000]
CodeHeap 'non-nmethods': size=5760Kb used=1137Kb max_used=1156Kb free=4622Kb
 bounds [0x0000020287530000, 0x00000202877a0000, 0x0000020287ad0000]
 total_blobs=1192 nmethods=770 adapters=335
 compilation: enabled
              stopped_count=0, restarted_count=0
 full_count=0

Compilation events (20 events):
Event: 0.220 Thread 0x00000202db0088b0 nmethod 730 0x000002028014df90 code [0x000002028014e180, 0x000002028014e608]
Event: 0.220 Thread 0x00000202db0088b0  731   !   3       java.security.AccessController::doPrivileged (26 bytes)
Event: 0.220 Thread 0x00000202db0088b0 nmethod 731 0x000002028014e990 code [0x000002028014eba0, 0x000002028014f068]
Event: 0.220 Thread 0x00000202db0088b0  732   !   3       java.net.URLClassLoader::defineClass (224 bytes)
Event: 0.221 Thread 0x00000202db0088b0 nmethod 732 0x000002028014f310 code [0x000002028014f720, 0x0000020280151398]
Event: 0.221 Thread 0x00000202db0088b0  733       3       java.security.SecureClassLoader$CodeSourceKey::equals (60 bytes)
Event: 0.221 Thread 0x00000202db0088b0 nmethod 733 0x0000020280151d90 code [0x0000020280151f80, 0x00000202801525f8]
Event: 0.221 Thread 0x00000202db0088b0  735   !   3       jdk.internal.loader.URLClassPath$JarLoader::checkResource (78 bytes)
Event: 0.222 Thread 0x00000202db0088b0 nmethod 735 0x0000020280152810 code [0x0000020280152a60, 0x00000202801534a8]
Event: 0.222 Thread 0x00000202db0088b0  734       3       java.security.CodeSource::matchCerts (254 bytes)
Event: 0.222 Thread 0x00000202db0088b0 nmethod 734 0x0000020280153910 code [0x0000020280153b80, 0x00000202801546d8]
Event: 0.223 Thread 0x00000202db0088b0  736       3       java.util.zip.Checksum::update (11 bytes)
Event: 0.223 Thread 0x00000202db0088b0 nmethod 736 0x0000020280154a90 code [0x0000020280154c40, 0x0000020280154e48]
Event: 0.223 Thread 0x00000202db0088b0  737       3       java.util.zip.CRC32::update (51 bytes)
Event: 0.223 Thread 0x00000202db0088b0 nmethod 737 0x0000020280154f90 code [0x0000020280155180, 0x0000020280155588]
Event: 0.223 Thread 0x00000202db0088b0  738       3       java.util.zip.CRC32::updateBytes (14 bytes)
Event: 0.223 Thread 0x00000202db0088b0 nmethod 738 0x0000020280155710 code [0x00000202801558c0, 0x0000020280155a28]
Event: 0.223 Thread 0x00000202db0088b0  741       3       java.util.Arrays::equals (57 bytes)
Event: 0.224 Thread 0x00000202db0088b0 nmethod 741 0x0000020280155b10 code [0x0000020280155d00, 0x00000202801562a8]
Event: 0.224 Thread 0x00000202db0088b0  739       3       java.util.zip.CRC32::updateBytesCheck (55 bytes)

GC Heap History (0 events):
No events

Dll operation events (8 events):
Event: 0.004 Loaded shared library C:\Program Files\Eclipse Adoptium\jdk-17.0.18.8-hotspot\bin\java.dll
Event: 0.017 Loaded shared library C:\Program Files\Eclipse Adoptium\jdk-17.0.18.8-hotspot\bin\jsvml.dll
Event: 0.032 Loaded shared library C:\Program Files\Eclipse Adoptium\jdk-17.0.18.8-hotspot\bin\net.dll
Event: 0.034 Loaded shared library C:\Program Files\Eclipse Adoptium\jdk-17.0.18.8-hotspot\bin\nio.dll
Event: 0.035 Loaded shared library C:\Program Files\Eclipse Adoptium\jdk-17.0.18.8-hotspot\bin\zip.dll
Event: 0.102 Loaded shared library C:\Program Files\JetBrains\IntelliJ IDEA 2026.1\plugins\maven\lib\maven3\lib\jansi-native\Windows\x86_64\jansi.dll
Event: 0.105 Loaded shared library C:\Program Files\Eclipse Adoptium\jdk-17.0.18.8-hotspot\bin\jimage.dll
Event: 0.111 Loaded shared library C:\Program Files\Eclipse Adoptium\jdk-17.0.18.8-hotspot\bin\verify.dll

Deoptimization events (20 events):
Event: 0.189 Thread 0x00000202f069e580 Uncommon trap: trap_request=0xffffff45 fr.pc=0x0000020287adbfdc relative=0x000000000000041c
Event: 0.189 Thread 0x00000202f069e580 Uncommon trap: reason=unstable_if action=reinterpret pc=0x0000020287adbfdc method=java.lang.StringLatin1.canEncode(I)Z @ 4 c2
Event: 0.189 Thread 0x00000202f069e580 DEOPT PACKING pc=0x0000020287adbfdc sp=0x0000004acecfd9f0
Event: 0.189 Thread 0x00000202f069e580 DEOPT UNPACKING pc=0x00000202875869a3 sp=0x0000004acecfd918 mode 2
Event: 0.189 Thread 0x00000202f069e580 Uncommon trap: trap_request=0xffffff45 fr.pc=0x0000020287ade6bc relative=0x00000000000003fc
Event: 0.189 Thread 0x00000202f069e580 Uncommon trap: reason=unstable_if action=reinterpret pc=0x0000020287ade6bc method=java.lang.AbstractStringBuilder.isLatin1()Z @ 10 c2
Event: 0.189 Thread 0x00000202f069e580 DEOPT PACKING pc=0x0000020287ade6bc sp=0x0000004acecfda00
Event: 0.189 Thread 0x00000202f069e580 DEOPT UNPACKING pc=0x00000202875869a3 sp=0x0000004acecfd980 mode 2
Event: 0.189 Thread 0x00000202f069e580 Uncommon trap: trap_request=0xffffff45 fr.pc=0x0000020287ae03fc relative=0x000000000000005c
Event: 0.189 Thread 0x00000202f069e580 Uncommon trap: reason=unstable_if action=reinterpret pc=0x0000020287ae03fc method=java.lang.AbstractStringBuilder.isLatin1()Z @ 10 c2
Event: 0.189 Thread 0x00000202f069e580 DEOPT PACKING pc=0x0000020287ae03fc sp=0x0000004acecfd9e0
Event: 0.189 Thread 0x00000202f069e580 DEOPT UNPACKING pc=0x00000202875869a3 sp=0x0000004acecfd970 mode 2
Event: 0.190 Thread 0x00000202f069e580 Uncommon trap: trap_request=0xffffff45 fr.pc=0x0000020287ae6afc relative=0x000000000000005c
Event: 0.190 Thread 0x00000202f069e580 Uncommon trap: reason=unstable_if action=reinterpret pc=0x0000020287ae6afc method=java.lang.String.isLatin1()Z @ 10 c2
Event: 0.190 Thread 0x00000202f069e580 DEOPT PACKING pc=0x0000020287ae6afc sp=0x0000004acecfd670
Event: 0.190 Thread 0x00000202f069e580 DEOPT UNPACKING pc=0x00000202875869a3 sp=0x0000004acecfd600 mode 2
Event: 0.191 Thread 0x00000202f069e580 Uncommon trap: trap_request=0xffffff45 fr.pc=0x0000020287adcbb8 relative=0x0000000000000038
Event: 0.191 Thread 0x00000202f069e580 Uncommon trap: reason=unstable_if action=reinterpret pc=0x0000020287adcbb8 method=java.lang.StringLatin1.canEncode(I)Z @ 4 c2
Event: 0.191 Thread 0x00000202f069e580 DEOPT PACKING pc=0x0000020287adcbb8 sp=0x0000004acecfd990
Event: 0.191 Thread 0x00000202f069e580 DEOPT UNPACKING pc=0x00000202875869a3 sp=0x0000004acecfd920 mode 2

Classes loaded (20 events):
Event: 0.169 Loading class java/util/concurrent/locks/ReentrantReadWriteLock$Sync$ThreadLocalHoldCounter
Event: 0.169 Loading class java/util/concurrent/locks/ReentrantReadWriteLock$Sync$ThreadLocalHoldCounter done
Event: 0.169 Loading class java/util/concurrent/locks/ReentrantReadWriteLock$ReadLock
Event: 0.169 Loading class java/util/concurrent/locks/ReentrantReadWriteLock$ReadLock done
Event: 0.169 Loading class java/util/concurrent/locks/ReentrantReadWriteLock$WriteLock
Event: 0.169 Loading class java/util/concurrent/locks/ReentrantReadWriteLock$WriteLock done
Event: 0.170 Loading class java/text/ParseException
Event: 0.171 Loading class java/text/ParseException done
Event: 0.175 Loading class sun/util/calendar/ZoneInfoFile$Checksum
Event: 0.175 Loading class sun/util/calendar/ZoneInfoFile$Checksum done
Event: 0.176 Loading class jdk/internal/module/ModulePatcher$PatchedModuleReader
Event: 0.176 Loading class jdk/internal/module/ModulePatcher$PatchedModuleReader done
Event: 0.176 Loading class sun/net/www/protocol/jrt/Handler
Event: 0.176 Loading class sun/net/www/protocol/jrt/Handler done
Event: 0.188 Loading class sun/text/resources/cldr/FormatData_en
Event: 0.188 Loading class sun/text/resources/cldr/FormatData_en done
Event: 0.188 Loading class sun/text/resources/cldr/FormatData_en_US
Event: 0.188 Loading class sun/text/resources/cldr/FormatData_en_US done
Event: 0.215 Loading class java/io/FilterReader
Event: 0.215 Loading class java/io/FilterReader done

Classes unloaded (0 events):
No events

Classes redefined (0 events):
No events

Internal exceptions (17 events):
Event: 0.056 Thread 0x00000202f069e580 Exception <a 'java/lang/NoSuchMethodError'{0x00000007145fc840}: 'int java.lang.invoke.DirectMethodHandle$Holder.invokeSpecial(java.lang.Object, java.lang.Object, java.lang.Object)'> (0x00000007145fc840) 
thrown [s\src\hotspot\share\interpreter\linkResolver.cpp, line 759]
Event: 0.095 Thread 0x00000202f069e580 Exception <a 'java/lang/NoSuchMethodError'{0x0000000714088f38}: 'java.lang.Object java.lang.invoke.DirectMethodHandle$Holder.invokeStaticInit(java.lang.Object)'> (0x0000000714088f38) 
thrown [s\src\hotspot\share\interpreter\linkResolver.cpp, line 759]
Event: 0.099 Thread 0x00000202f069e580 Exception <a 'java/lang/NullPointerException'{0x00000007140b3c08}> (0x00000007140b3c08) 
thrown [s\src\hotspot\share\interpreter\linkResolver.cpp, line 1350]
Event: 0.104 Thread 0x00000202f069e580 Exception <a 'java/lang/NoSuchMethodError'{0x00000007140d76e0}: 'void java.lang.invoke.DirectMethodHandle$Holder.invokeStatic(java.lang.Object, long, java.lang.Object)'> (0x00000007140d76e0) 
thrown [s\src\hotspot\share\interpreter\linkResolver.cpp, line 759]
Event: 0.104 Thread 0x00000202f069e580 Exception <a 'java/lang/NoSuchMethodError'{0x00000007140dd748}: 'java.lang.Object java.lang.invoke.DirectMethodHandle$Holder.newInvokeSpecial(java.lang.Object, long, java.lang.Object)'> (0x00000007140dd748) 
thrown [s\src\hotspot\share\interpreter\linkResolver.cpp, line 759]
Event: 0.105 Thread 0x00000202f069e580 Exception <a 'java/lang/NullPointerException'{0x000000071415ab30}> (0x000000071415ab30) 
thrown [s\src\hotspot\share\interpreter\linkResolver.cpp, line 1350]
Event: 0.105 Thread 0x00000202f069e580 Exception <a 'java/lang/NullPointerException'{0x000000071415ae08}> (0x000000071415ae08) 
thrown [s\src\hotspot\share\interpreter\linkResolver.cpp, line 1350]
Event: 0.105 Thread 0x00000202f069e580 Exception <a 'java/lang/NullPointerException'{0x000000071415b0e0}> (0x000000071415b0e0) 
thrown [s\src\hotspot\share\interpreter\linkResolver.cpp, line 1350]
Event: 0.106 Thread 0x00000202f069e580 Exception <a 'java/lang/NullPointerException'{0x0000000714160e98}> (0x0000000714160e98) 
thrown [s\src\hotspot\share\interpreter\linkResolver.cpp, line 1350]
Event: 0.107 Thread 0x00000202f069e580 Exception <a 'java/lang/NullPointerException'{0x0000000714174c70}> (0x0000000714174c70) 
thrown [s\src\hotspot\share\interpreter\linkResolver.cpp, line 1350]
Event: 0.107 Thread 0x00000202f069e580 Exception <a 'java/lang/NullPointerException'{0x0000000714174f48}> (0x0000000714174f48) 
thrown [s\src\hotspot\share\interpreter\linkResolver.cpp, line 1350]
Event: 0.107 Thread 0x00000202f069e580 Exception <a 'java/lang/NullPointerException'{0x0000000714175220}> (0x0000000714175220) 
thrown [s\src\hotspot\share\interpreter\linkResolver.cpp, line 1350]
Event: 0.107 Thread 0x00000202f069e580 Exception <a 'java/lang/NullPointerException'{0x00000007141754f8}> (0x00000007141754f8) 
thrown [s\src\hotspot\share\interpreter\linkResolver.cpp, line 1350]
Event: 0.116 Thread 0x00000202f069e580 Exception <a 'java/lang/NoSuchMethodError'{0x00000007141fda78}: 'void java.lang.invoke.DirectMethodHandle$Holder.invokeStatic(java.lang.Object, java.lang.Object)'> (0x00000007141fda78) 
thrown [s\src\hotspot\share\interpreter\linkResolver.cpp, line 759]
Event: 0.117 Thread 0x00000202f069e580 Exception <a 'java/lang/NoSuchMethodError'{0x0000000713e015d0}: 'void java.lang.invoke.DirectMethodHandle$Holder.invokeStaticInit(java.lang.Object, java.lang.Object)'> (0x0000000713e015d0) 
thrown [s\src\hotspot\share\interpreter\linkResolver.cpp, line 759]
Event: 0.123 Thread 0x00000202f069e580 Exception <a 'java/lang/NoSuchMethodError'{0x0000000713e56060}: 'void java.lang.invoke.DirectMethodHandle$Holder.invokeStatic(java.lang.Object, java.lang.Object, java.lang.Object)'> (0x0000000713e56060) 
thrown [s\src\hotspot\share\interpreter\linkResolver.cpp, line 759]
Event: 0.157 Thread 0x00000202f069e580 Exception <a 'java/lang/NoSuchMethodError'{0x0000000713c03ad8}: 'java.lang.Object java.lang.invoke.DirectMethodHandle$Holder.invokeSpecialIFC(java.lang.Object, java.lang.Object, java.lang.Object, java.lang.Object)'> (0x0000000713c03ad8) 
thrown [s\src\hotspot\share\interpreter\linkResolver.cpp, line 759]

VM Operations (8 events):
Event: 0.036 Executing VM operation: HandshakeAllThreads
Event: 0.036 Executing VM operation: HandshakeAllThreads done
Event: 0.098 Executing VM operation: HandshakeAllThreads
Event: 0.098 Executing VM operation: HandshakeAllThreads done
Event: 0.109 Executing VM operation: HandshakeAllThreads
Event: 0.109 Executing VM operation: HandshakeAllThreads done
Event: 0.167 Executing VM operation: HandshakeAllThreads
Event: 0.167 Executing VM operation: HandshakeAllThreads done

Memory protections (0 events):
No events

Nmethod flushes (0 events):
No events

Events (15 events):
Event: 0.017 Thread 0x00000202f069e580 Thread added: 0x00000202f069e580
Event: 0.018 Thread 0x00000202f069e580 Thread added: 0x0000020295c0e210
Event: 0.019 Thread 0x00000202f069e580 Thread added: 0x0000020295c0f090
Event: 0.023 Thread 0x00000202f069e580 Thread added: 0x00000202db0011b0
Event: 0.023 Thread 0x00000202f069e580 Thread added: 0x00000202db001d70
Event: 0.023 Thread 0x00000202f069e580 Thread added: 0x00000202db004740
Event: 0.023 Thread 0x00000202f069e580 Thread added: 0x00000202db005100
Event: 0.023 Thread 0x00000202f069e580 Thread added: 0x00000202db007e00
Event: 0.023 Thread 0x00000202f069e580 Thread added: 0x00000202db0088b0
Event: 0.023 Thread 0x00000202f069e580 Thread added: 0x00000202db00b2c0
Event: 0.029 Thread 0x00000202f069e580 Thread added: 0x00000202db140120
Event: 0.030 Thread 0x00000202f069e580 Thread added: 0x00000202db142cc0
Event: 0.100 Thread 0x00000202f069e580 Thread added: 0x00000202db3225c0
Event: 0.110 Thread 0x00000202db3225c0 Thread exited: 0x00000202db3225c0
Event: 0.154 Thread 0x00000202db0088b0 Thread added: 0x00000202db471690


Dynamic libraries:
0x00007ff779880000 - 0x00007ff77988e000 	C:\Program Files\Eclipse Adoptium\jdk-17.0.18.8-hotspot\bin\java.exe
0x00007ff885590000 - 0x00007ff885788000 	C:\Windows\SYSTEM32\ntdll.dll
0x00007ff884a50000 - 0x00007ff884b12000 	C:\Windows\System32\KERNEL32.DLL
0x00007ff883030000 - 0x00007ff883326000 	C:\Windows\System32\KERNELBASE.dll
0x00007ff882d80000 - 0x00007ff882e80000 	C:\Windows\System32\ucrtbase.dll
0x00007ff83c090000 - 0x00007ff83c0ae000 	C:\Program Files\Eclipse Adoptium\jdk-17.0.18.8-hotspot\bin\VCRUNTIME140.dll
0x00007ff83bbb0000 - 0x00007ff83bbc8000 	C:\Program Files\Eclipse Adoptium\jdk-17.0.18.8-hotspot\bin\jli.dll
0x00007ff884310000 - 0x00007ff8844b1000 	C:\Windows\System32\USER32.dll
0x00007ff883500000 - 0x00007ff883522000 	C:\Windows\System32\win32u.dll
0x00007ff868240000 - 0x00007ff8684db000 	C:\Windows\WinSxS\amd64_microsoft.windows.common-controls_6595b64144ccf1df_6.0.19041.6456_none_60b8a6cb71f64256\COMCTL32.dll
0x00007ff884260000 - 0x00007ff88428b000 	C:\Windows\System32\GDI32.dll
0x00007ff884190000 - 0x00007ff88422e000 	C:\Windows\System32\msvcrt.dll
0x00007ff882e80000 - 0x00007ff882f99000 	C:\Windows\System32\gdi32full.dll
0x00007ff883330000 - 0x00007ff8833cd000 	C:\Windows\System32\msvcp_win.dll
0x00007ff884230000 - 0x00007ff88425f000 	C:\Windows\System32\IMM32.DLL
0x00007ff8518b0000 - 0x00007ff8518bc000 	C:\Program Files\Eclipse Adoptium\jdk-17.0.18.8-hotspot\bin\vcruntime140_1.dll
0x00007ff826420000 - 0x00007ff8264ad000 	C:\Program Files\Eclipse Adoptium\jdk-17.0.18.8-hotspot\bin\msvcp140.dll
0x00007fffe3410000 - 0x00007fffe407b000 	C:\Program Files\Eclipse Adoptium\jdk-17.0.18.8-hotspot\bin\server\jvm.dll
0x00007ff8850c0000 - 0x00007ff885171000 	C:\Windows\System32\ADVAPI32.dll
0x00007ff8849b0000 - 0x00007ff884a4f000 	C:\Windows\System32\sechost.dll
0x00007ff885430000 - 0x00007ff885550000 	C:\Windows\System32\RPCRT4.dll
0x00007ff883580000 - 0x00007ff8835a7000 	C:\Windows\System32\bcrypt.dll
0x00007ff8844c0000 - 0x00007ff88452b000 	C:\Windows\System32\WS2_32.dll
0x00007ff877d80000 - 0x00007ff877da7000 	C:\Windows\SYSTEM32\WINMM.dll
0x00007ff8776c0000 - 0x00007ff8776ca000 	C:\Windows\SYSTEM32\VERSION.dll
0x00007ff8821b0000 - 0x00007ff8821fb000 	C:\Windows\SYSTEM32\POWRPROF.dll
0x00007ff882020000 - 0x00007ff882032000 	C:\Windows\SYSTEM32\UMPDC.dll
0x00007ff881430000 - 0x00007ff881442000 	C:\Windows\SYSTEM32\kernel.appcore.dll
0x00007ff84be60000 - 0x00007ff84be6a000 	C:\Program Files\Eclipse Adoptium\jdk-17.0.18.8-hotspot\bin\jimage.dll
0x00007ff880820000 - 0x00007ff880a21000 	C:\Windows\SYSTEM32\DBGHELP.DLL
0x00007ff86f7e0000 - 0x00007ff86f814000 	C:\Windows\SYSTEM32\dbgcore.DLL
0x00007ff882fa0000 - 0x00007ff883022000 	C:\Windows\System32\bcryptPrimitives.dll
0x00007ff837a70000 - 0x00007ff837a95000 	C:\Program Files\Eclipse Adoptium\jdk-17.0.18.8-hotspot\bin\java.dll
0x00007ff823e30000 - 0x00007ff823f07000 	C:\Program Files\Eclipse Adoptium\jdk-17.0.18.8-hotspot\bin\jsvml.dll
0x00007ff8839c0000 - 0x00007ff884130000 	C:\Windows\System32\SHELL32.dll
0x00007ff880c70000 - 0x00007ff881415000 	C:\Windows\SYSTEM32\windows.storage.dll
0x00007ff884b40000 - 0x00007ff884e94000 	C:\Windows\System32\combase.dll
0x00007ff882650000 - 0x00007ff88267b000 	C:\Windows\SYSTEM32\Wldp.dll
0x00007ff8835d0000 - 0x00007ff88369d000 	C:\Windows\System32\OLEAUT32.dll
0x00007ff883910000 - 0x00007ff8839bd000 	C:\Windows\System32\SHCORE.dll
0x00007ff884130000 - 0x00007ff88418b000 	C:\Windows\System32\shlwapi.dll
0x00007ff882b50000 - 0x00007ff882b74000 	C:\Windows\SYSTEM32\profapi.dll
0x00007ff83bb90000 - 0x00007ff83bbaa000 	C:\Program Files\Eclipse Adoptium\jdk-17.0.18.8-hotspot\bin\net.dll
0x00007ff87c240000 - 0x00007ff87c34a000 	C:\Windows\SYSTEM32\WINHTTP.dll
0x00007ff8823b0000 - 0x00007ff88241a000 	C:\Windows\system32\mswsock.dll
0x00007ff83ba60000 - 0x00007ff83ba76000 	C:\Program Files\Eclipse Adoptium\jdk-17.0.18.8-hotspot\bin\nio.dll
0x00007ff838630000 - 0x00007ff838648000 	C:\Program Files\Eclipse Adoptium\jdk-17.0.18.8-hotspot\bin\zip.dll
0x00007ff835e60000 - 0x00007ff835e84000 	C:\Program Files\JetBrains\IntelliJ IDEA 2026.1\plugins\maven\lib\maven3\lib\jansi-native\Windows\x86_64\jansi.dll
0x00007ff83e320000 - 0x00007ff83e330000 	C:\Program Files\Eclipse Adoptium\jdk-17.0.18.8-hotspot\bin\verify.dll

dbghelp: loaded successfully - version: 4.0.5 - missing functions: none
symbol engine: initialized successfully - sym options: 0x614 - pdb path: .;C:\Program Files\Eclipse Adoptium\jdk-17.0.18.8-hotspot\bin;C:\Windows\SYSTEM32;C:\Windows\WinSxS\amd64_microsoft.windows.common-controls_6595b64144ccf1df_6.0.19041.6456_none_60b8a6cb71f64256;C:\Program Files\Eclipse Adoptium\jdk-17.0.18.8-hotspot\bin\server;C:\Program Files\JetBrains\IntelliJ IDEA 2026.1\plugins\maven\lib\maven3\lib\jansi-native\Windows\x86_64

VM Arguments:
jvm_args: --enable-native-access=ALL-UNNAMED -Dclassworlds.conf=C:\Program Files\JetBrains\IntelliJ IDEA 2026.1\plugins\maven\lib\maven3\bin\m2.conf -Dmaven.home=C:\Program Files\JetBrains\IntelliJ IDEA 2026.1\plugins\maven\lib\maven3 -Dlibrary.jansi.path=C:\Program Files\JetBrains\IntelliJ IDEA 2026.1\plugins\maven\lib\maven3\lib\jansi-native -Dmaven.multiModuleProjectDirectory=C:\Users\jebal\Desktop\pidev\Skillora 
java_command: org.codehaus.plexus.classworlds.launcher.Launcher -q -DskipTests compile
java_class_path (initial): C:\Program Files\JetBrains\IntelliJ IDEA 2026.1\plugins\maven\lib\maven3\boot\plexus-classworlds-2.9.0.jar
Launcher Type: SUN_STANDARD

[Global flags]
     intx CICompilerCount                          = 4                                         {product} {ergonomic}
     uint ConcGCThreads                            = 3                                         {product} {ergonomic}
     uint G1ConcRefinementThreads                  = 10                                        {product} {ergonomic}
   size_t G1HeapRegionSize                         = 2097152                                   {product} {ergonomic}
    uintx GCDrainStackTargetSize                   = 64                                        {product} {ergonomic}
   size_t InitialHeapSize                          = 264241152                                 {product} {ergonomic}
   size_t MarkStackSize                            = 4194304                                   {product} {ergonomic}
   size_t MaxHeapSize                              = 4217372672                                {product} {ergonomic}
   size_t MaxNewSize                               = 2529165312                                {product} {ergonomic}
   size_t MinHeapDeltaBytes                        = 2097152                                   {product} {ergonomic}
   size_t MinHeapSize                              = 8388608                                   {product} {ergonomic}
    uintx NonNMethodCodeHeapSize                   = 5839372                                {pd product} {ergonomic}
    uintx NonProfiledCodeHeapSize                  = 122909434                              {pd product} {ergonomic}
    uintx ProfiledCodeHeapSize                     = 122909434                              {pd product} {ergonomic}
    uintx ReservedCodeCacheSize                    = 251658240                              {pd product} {ergonomic}
     bool SegmentedCodeCache                       = true                                      {product} {ergonomic}
   size_t SoftMaxHeapSize                          = 4217372672                             {manageable} {ergonomic}
     bool UseCompressedClassPointers               = true                           {product lp64_product} {ergonomic}
     bool UseCompressedOops                        = true                           {product lp64_product} {ergonomic}
     bool UseG1GC                                  = true                                      {product} {ergonomic}
     bool UseLargePagesIndividualAllocation        = false                                  {pd product} {ergonomic}

Logging:
Log output configuration:
 #0: stdout all=warning uptime,level,tags
 #1: stderr all=off uptime,level,tags

Environment Variables:
JAVA_HOME=C:\Program Files\Eclipse Adoptium\jdk-17.0.18.8-hotspot\
PATH=C:\Program Files\Eclipse Adoptium\jdk-17.0.18.8-hotspot\bin;C:\oraclexe\app\oracle\product\11.2.0\server\bin;;C:\Program Files (x86)\VMware\VMware Workstation\bin\;C:\Users\jebal\AppData\Local\Programs\Python\Python313\Scripts\;C:\Users\jebal\AppData\Local\Programs\Python\Python313\;C:\oraclexe\app\oracle\product\11.2.0\server\bin;C:\Windows\system32;C:\Windows;C:\Windows\System32\Wbem;C:\Windows\System32\WindowsPowerShell\v1.0\;C:\Windows\System32\OpenSSH\;C:\Program Files (x86)\NVIDIA Corporation\PhysX\Common;C:\client;C:\oraclexe\app\oracle\admin\XE;C:\oraclexe;C:\oraclexe\app\oracle\product\11.2.0\server\bin;C:\Program Files\Git\cmd;C:\Program Files\NVIDIA Corporation\NVIDIA app\NvDLISR;C:\Program Files\dotnet\;C:\xampp\php;C:\ProgramData\ComposerSetup\bin;C:\Program Files\nodejs\;C:\ProgramData\chocolatey\bin;C:\TDM-GCC-64\bin;C:\Users\jebal\scoop\shims;C:\Users\jebal\AppData\Local\Programs\Python\Launcher\;C:\Users\jebal\AppData\Local\Microsoft\WindowsApps;C:\Users\jebal\AppData\Local\Programs\Microsoft VS Code\bin;C:\Users\jebal\AppData\Local\GitHubDesktop\bin;C:\Program Files\Git\bin;C:\Program Files\Git\cmd;C:\Users\jebal\AppData\Roaming\Composer\vendor\bin;C:\Users\jebal\AppData\Roaming\npm;C:\Program Files (x86)\GnuWin32;C:\win_flex_bison;C:\mingw64\bin;C:\Program Files\JetBrains\IntelliJ IDEA 2026.1\bin;C:\Program Files\JetBrains\IntelliJ IDEA 2026.1\plugins\maven\lib\maven3\bin
USERNAME=jebal
OS=Windows_NT
PROCESSOR_IDENTIFIER=Intel64 Family 6 Model 154 Stepping 3, GenuineIntel
TMP=C:\Users\jebal\AppData\Local\Temp
TEMP=C:\Users\jebal\AppData\Local\Temp



Periodic native trim disabled


---------------  S Y S T E M  ---------------

OS:
 Windows 10 , 64 bit Build 19041 (10.0.19041.5915)
OS uptime: 0 days 6:54 hours

CPU: total 12 (initial active 12) (6 cores per cpu, 2 threads per core) family 6 model 154 stepping 3 microcode 0x424, cx8, cmov, fxsr, ht, mmx, 3dnowpref, sse, sse2, sse3, ssse3, sse4.1, sse4.2, popcnt, lzcnt, tsc, tscinvbit, avx, avx2, aes, erms, clmul, bmi1, bmi2, adx, sha, fma, vzeroupper, clflush, clflushopt, clwb
Processor Information for all 12 processors :
  Max Mhz: 2000, Current Mhz: 2000, Mhz Limit: 2000

Memory: 4k page, system-wide physical 16085M (1110M free)
TotalPageFile size 30668M (AvailPageFile size 4M)
current process WorkingSet (physical memory assigned to process): 68M, peak: 68M
current process commit charge ("private bytes"): 363M, peak: 364M

vm_info: OpenJDK 64-Bit Server VM (17.0.18+8) for windows-amd64 JRE (17.0.18+8), built on Jan 20 2026 22:28:22 by "admin" with MS VC++ 17.12 (VS2022)

END.
